<?xml version="1.0" encoding="UTF-8"?>
<!-- Generated by org.testng.reporters.JUnitReportReporter -->
<testsuite skipped="0" hostname="ATMECSINLT-087" name="com.atmecs.booikng.testscripts.SelectFlightPageTest" tests="1" failures="0" timestamp="30 Aug 2019 12:14:25 GMT" time="3.109" errors="0">
  <testcase name="selectFlight" time="3.109" classname="com.atmecs.booikng.testscripts.SelectFlightPageTest"/>
</testsuite> <!-- com.atmecs.booikng.testscripts.SelectFlightPageTest -->
