<?xml version="1.0" encoding="UTF-8"?>
<!-- Generated by org.testng.reporters.JUnitReportReporter -->
<testsuite skipped="0" hostname="ATMECSINLT-087" name="com.atmecs.booikng.testscripts.Grid" tests="1" failures="0" timestamp="30 Aug 2019 12:11:00 GMT" time="11.478" errors="0">
  <testcase name="setUp" time="11.478" classname="com.atmecs.booikng.testscripts.Grid"/>
</testsuite> <!-- com.atmecs.booikng.testscripts.Grid -->
