<?xml version="1.0" encoding="UTF-8"?>
<!-- Generated by org.testng.reporters.JUnitReportReporter -->
<testsuite skipped="0" hostname="ATMECSINLT-087" name="com.atmecs.booikng.testscripts.ChooseFlight" tests="1" failures="0" timestamp="30 Aug 2019 12:14:25 GMT" time="7.995" errors="0">
  <testcase name="flightDetails" time="7.995" classname="com.atmecs.booikng.testscripts.ChooseFlight"/>
</testsuite> <!-- com.atmecs.booikng.testscripts.ChooseFlight -->
