<?xml version="1.0" encoding="UTF-8"?>
<!-- Generated by org.testng.reporters.JUnitReportReporter -->
<testsuite skipped="0" hostname="ATMECSINLT-087" name="com.atmecs.makemytripautomation.testscripts.Book_Roundtrip_Ticket" tests="1" failures="0" timestamp="04 Sep 2019 07:34:14 GMT" time="12.607" errors="0">
  <testcase name="homePage" time="12.607" classname="com.atmecs.makemytripautomation.testscripts.Book_Roundtrip_Ticket"/>
</testsuite> <!-- com.atmecs.makemytripautomation.testscripts.Book_Roundtrip_Ticket -->
