<?xml version="1.0" encoding="UTF-8"?>
<!-- Generated by org.testng.reporters.JUnitReportReporter -->
<testsuite skipped="0" hostname="ATMECSINLT-087" name="com.atmecs.makemytripautomation.testscripts.Book_OneWay_Ticket" tests="3" failures="0" timestamp="04 Sep 2019 12:57:23 GMT" time="22.286" errors="0">
  <testcase name="homePage" time="9.201" classname="com.atmecs.makemytripautomation.testscripts.Book_OneWay_Ticket"/>
  <testcase name="selectFlightAndReview" time="7.391" classname="com.atmecs.makemytripautomation.testscripts.Book_OneWay_Ticket"/>
  <testcase name="travellersDetails" time="5.694" classname="com.atmecs.makemytripautomation.testscripts.Book_OneWay_Ticket"/>
</testsuite> <!-- com.atmecs.makemytripautomation.testscripts.Book_OneWay_Ticket -->
