<?xml version="1.0" encoding="UTF-8"?>
<!-- Generated by org.testng.reporters.JUnitReportReporter -->
<testsuite skipped="0" hostname="ATMECSINLT-087" name="com.atmecs.booikng.testscripts.LoginPageTest" tests="1" failures="0" timestamp="2019-08-30T15:34:59 IST" time="73.027" errors="0">
  <testcase name="loginPageTest" time="73.027" classname="com.atmecs.booikng.testscripts.LoginPageTest"/>
</testsuite> <!-- com.atmecs.booikng.testscripts.LoginPageTest -->
